## SLURM PROLOG ###############################################################
##    Job ID : 1806592
##  Job Name : vit_train
##  Nodelist : gpu2250
##      CPUs : 4
##  Mem/Node : 16384 MB
## Directory : /oscar/home/hzhan382/CSCI1470_FINAL_latest
##   Job Started : Mon Apr 20 16:31:32 EDT 2026
###############################################################################
/oscar/home/hzhan382/CSCI1470_FINAL_latest/ViT/train_vit_baseline.py:132: FutureWarning: `torch.cuda.amp.GradScaler(args...)` is deprecated. Please use `torch.amp.GradScaler('cuda', args...)` instead.
  scaler = torch.cuda.amp.GradScaler()  # fp16 training
Train images: 25000
Val images: 8000
Train class counts: Counter({0: 2500, 1: 2500, 2: 2500, 3: 2500, 4: 2500, 5: 2500, 6: 2500, 7: 2500, 8: 2500, 9: 2500})
Val class counts: Counter({0: 800, 1: 800, 2: 800, 3: 800, 4: 800, 5: 800, 6: 800, 7: 800, 8: 800, 9: 800})
/oscar/home/hzhan382/CSCI1470_FINAL_latest/ViT/train_vit_baseline.py:145: FutureWarning: `torch.cuda.amp.autocast(args...)` is deprecated. Please use `torch.amp.autocast('cuda', args...)` instead.
  with torch.cuda.amp.autocast():
/oscar/home/hzhan382/CSCI1470_FINAL_latest/ViT/train_vit_baseline.py:162: FutureWarning: `torch.cuda.amp.autocast(args...)` is deprecated. Please use `torch.amp.autocast('cuda', args...)` instead.
  with torch.cuda.amp.autocast():
Epoch 1/400 — Val Acc: 13.30%
  New best: 13.30%
Epoch 2/400 — Val Acc: 18.75%
  New best: 18.75%
Epoch 3/400 — Val Acc: 15.54%
Epoch 4/400 — Val Acc: 17.70%
Epoch 5/400 — Val Acc: 13.90%
Epoch 6/400 — Val Acc: 17.68%
Epoch 7/400 — Val Acc: 15.25%
Epoch 8/400 — Val Acc: 17.05%
Epoch 9/400 — Val Acc: 16.59%
Epoch 10/400 — Val Acc: 19.95%
  New best: 19.95%
[Timer] Elapsed time after 10 epochs: 497.60 seconds
Epoch 11/400 — Val Acc: 20.10%
  New best: 20.10%
Epoch 12/400 — Val Acc: 21.95%
  New best: 21.95%
Epoch 13/400 — Val Acc: 21.52%
Epoch 14/400 — Val Acc: 16.91%
Epoch 15/400 — Val Acc: 17.50%
Epoch 16/400 — Val Acc: 20.16%
Epoch 17/400 — Val Acc: 22.75%
  New best: 22.75%
Epoch 18/400 — Val Acc: 20.98%
Epoch 19/400 — Val Acc: 22.21%
Epoch 20/400 — Val Acc: 21.76%
[Timer] Elapsed time after 20 epochs: 985.44 seconds
Epoch 21/400 — Val Acc: 24.51%
  New best: 24.51%
Epoch 22/400 — Val Acc: 18.52%
Epoch 23/400 — Val Acc: 23.50%
Epoch 24/400 — Val Acc: 24.89%
  New best: 24.89%
Epoch 25/400 — Val Acc: 20.89%
Epoch 26/400 — Val Acc: 29.02%
  New best: 29.02%
Epoch 27/400 — Val Acc: 30.14%
  New best: 30.14%
Epoch 28/400 — Val Acc: 29.70%
Epoch 29/400 — Val Acc: 30.71%
  New best: 30.71%
Epoch 30/400 — Val Acc: 29.25%
[Timer] Elapsed time after 30 epochs: 1468.33 seconds
Epoch 31/400 — Val Acc: 29.75%
Epoch 32/400 — Val Acc: 33.67%
  New best: 33.67%
Epoch 33/400 — Val Acc: 35.49%
  New best: 35.49%
Epoch 34/400 — Val Acc: 31.71%
Epoch 35/400 — Val Acc: 35.15%
Epoch 36/400 — Val Acc: 35.56%
  New best: 35.56%
Epoch 37/400 — Val Acc: 37.76%
  New best: 37.76%
Epoch 38/400 — Val Acc: 38.44%
  New best: 38.44%
Epoch 39/400 — Val Acc: 40.09%
  New best: 40.09%
Epoch 40/400 — Val Acc: 39.88%
[Timer] Elapsed time after 40 epochs: 1955.07 seconds
Epoch 41/400 — Val Acc: 43.09%
  New best: 43.09%
Epoch 42/400 — Val Acc: 38.59%
Epoch 43/400 — Val Acc: 44.62%
  New best: 44.62%
Epoch 44/400 — Val Acc: 46.35%
  New best: 46.35%
Epoch 45/400 — Val Acc: 45.66%
Epoch 46/400 — Val Acc: 46.02%
Epoch 47/400 — Val Acc: 47.71%
  New best: 47.71%
Epoch 48/400 — Val Acc: 43.83%
Epoch 49/400 — Val Acc: 47.24%
Epoch 50/400 — Val Acc: 46.61%
[Timer] Elapsed time after 50 epochs: 2451.42 seconds
Epoch 51/400 — Val Acc: 46.35%
Epoch 52/400 — Val Acc: 48.96%
  New best: 48.96%
Epoch 53/400 — Val Acc: 46.75%
Epoch 54/400 — Val Acc: 47.88%
Epoch 55/400 — Val Acc: 50.33%
  New best: 50.33%
Epoch 56/400 — Val Acc: 51.49%
  New best: 51.49%
Epoch 57/400 — Val Acc: 51.88%
  New best: 51.88%
Epoch 58/400 — Val Acc: 50.80%
Epoch 59/400 — Val Acc: 53.26%
  New best: 53.26%
Epoch 60/400 — Val Acc: 52.85%
[Timer] Elapsed time after 60 epochs: 2937.86 seconds
Epoch 61/400 — Val Acc: 51.08%
Epoch 62/400 — Val Acc: 53.29%
  New best: 53.29%
Epoch 63/400 — Val Acc: 53.15%
Epoch 64/400 — Val Acc: 54.98%
  New best: 54.98%
Epoch 65/400 — Val Acc: 54.02%
Epoch 66/400 — Val Acc: 54.38%
Epoch 67/400 — Val Acc: 53.35%
Epoch 68/400 — Val Acc: 52.94%
Epoch 69/400 — Val Acc: 53.04%
Epoch 70/400 — Val Acc: 55.11%
  New best: 55.11%
[Timer] Elapsed time after 70 epochs: 3414.58 seconds
Epoch 71/400 — Val Acc: 55.01%
Epoch 72/400 — Val Acc: 56.80%
  New best: 56.80%
Epoch 73/400 — Val Acc: 56.29%
Epoch 74/400 — Val Acc: 55.81%
Epoch 75/400 — Val Acc: 54.70%
Epoch 76/400 — Val Acc: 54.59%
Epoch 77/400 — Val Acc: 56.73%
Epoch 78/400 — Val Acc: 57.96%
  New best: 57.96%
Epoch 79/400 — Val Acc: 58.23%
  New best: 58.23%
Epoch 80/400 — Val Acc: 55.42%
[Timer] Elapsed time after 80 epochs: 3892.59 seconds
Epoch 81/400 — Val Acc: 54.50%
Epoch 82/400 — Val Acc: 55.86%
Epoch 83/400 — Val Acc: 57.77%
Epoch 84/400 — Val Acc: 56.62%
Epoch 85/400 — Val Acc: 54.92%
Epoch 86/400 — Val Acc: 57.52%
Epoch 87/400 — Val Acc: 58.17%
Epoch 88/400 — Val Acc: 56.20%
Epoch 89/400 — Val Acc: 57.99%
Epoch 90/400 — Val Acc: 58.36%
  New best: 58.36%
[Timer] Elapsed time after 90 epochs: 4367.02 seconds
Epoch 91/400 — Val Acc: 58.73%
  New best: 58.73%
Epoch 92/400 — Val Acc: 57.96%
Epoch 93/400 — Val Acc: 58.64%
Epoch 94/400 — Val Acc: 58.00%
Epoch 95/400 — Val Acc: 59.79%
  New best: 59.79%
Epoch 96/400 — Val Acc: 59.05%
Epoch 97/400 — Val Acc: 58.71%
Epoch 98/400 — Val Acc: 59.10%
Epoch 99/400 — Val Acc: 59.40%
Epoch 100/400 — Val Acc: 57.65%
[Timer] Elapsed time after 100 epochs: 4838.67 seconds
Epoch 101/400 — Val Acc: 59.51%
Epoch 102/400 — Val Acc: 56.89%
Epoch 103/400 — Val Acc: 57.45%
Epoch 104/400 — Val Acc: 58.84%
Epoch 105/400 — Val Acc: 58.06%
Epoch 106/400 — Val Acc: 56.77%
Epoch 107/400 — Val Acc: 59.94%
  New best: 59.94%
Epoch 108/400 — Val Acc: 60.89%
  New best: 60.89%
Epoch 109/400 — Val Acc: 57.86%
Epoch 110/400 — Val Acc: 59.55%
[Timer] Elapsed time after 110 epochs: 5313.38 seconds
Epoch 111/400 — Val Acc: 58.85%
Epoch 112/400 — Val Acc: 59.34%
Epoch 113/400 — Val Acc: 58.00%
Epoch 114/400 — Val Acc: 60.31%
Epoch 115/400 — Val Acc: 60.92%
  New best: 60.92%
Epoch 116/400 — Val Acc: 60.45%
Epoch 117/400 — Val Acc: 60.41%
Epoch 118/400 — Val Acc: 61.04%
  New best: 61.04%
Epoch 119/400 — Val Acc: 60.85%
Epoch 120/400 — Val Acc: 60.56%
[Timer] Elapsed time after 120 epochs: 5784.79 seconds
Epoch 121/400 — Val Acc: 59.67%
Epoch 122/400 — Val Acc: 59.50%
Epoch 123/400 — Val Acc: 57.10%
Epoch 124/400 — Val Acc: 60.54%
Epoch 125/400 — Val Acc: 60.50%
Epoch 126/400 — Val Acc: 59.29%
Epoch 127/400 — Val Acc: 60.88%
Epoch 128/400 — Val Acc: 60.99%
Epoch 129/400 — Val Acc: 62.14%
  New best: 62.14%
Epoch 130/400 — Val Acc: 60.34%
[Timer] Elapsed time after 130 epochs: 6259.79 seconds
Epoch 131/400 — Val Acc: 60.46%
Epoch 132/400 — Val Acc: 61.73%
Epoch 133/400 — Val Acc: 59.89%
Epoch 134/400 — Val Acc: 61.20%
Epoch 135/400 — Val Acc: 61.38%
Epoch 136/400 — Val Acc: 60.79%
Epoch 137/400 — Val Acc: 62.20%
  New best: 62.20%
Epoch 138/400 — Val Acc: 61.27%
Epoch 139/400 — Val Acc: 60.51%
Epoch 140/400 — Val Acc: 62.48%
  New best: 62.48%
[Timer] Elapsed time after 140 epochs: 6741.42 seconds
Epoch 141/400 — Val Acc: 61.86%
Epoch 142/400 — Val Acc: 61.35%
Epoch 143/400 — Val Acc: 61.81%
Epoch 144/400 — Val Acc: 60.77%
Epoch 145/400 — Val Acc: 60.76%
Epoch 146/400 — Val Acc: 62.00%
Epoch 147/400 — Val Acc: 59.33%
Epoch 148/400 — Val Acc: 61.64%
Epoch 149/400 — Val Acc: 59.30%
Epoch 150/400 — Val Acc: 59.98%
[Timer] Elapsed time after 150 epochs: 7233.60 seconds
Epoch 151/400 — Val Acc: 61.86%
Epoch 152/400 — Val Acc: 61.20%
Epoch 153/400 — Val Acc: 61.00%
Epoch 154/400 — Val Acc: 61.31%
Epoch 155/400 — Val Acc: 61.61%
Epoch 156/400 — Val Acc: 61.58%
Epoch 157/400 — Val Acc: 60.00%
Epoch 158/400 — Val Acc: 62.67%
  New best: 62.67%
Epoch 159/400 — Val Acc: 62.00%
Epoch 160/400 — Val Acc: 62.36%
[Timer] Elapsed time after 160 epochs: 7719.82 seconds
Epoch 161/400 — Val Acc: 60.79%
Epoch 162/400 — Val Acc: 62.24%
Epoch 163/400 — Val Acc: 62.04%
Epoch 164/400 — Val Acc: 60.64%
Epoch 165/400 — Val Acc: 62.31%
Epoch 166/400 — Val Acc: 62.74%
  New best: 62.74%
Epoch 167/400 — Val Acc: 62.64%
Epoch 168/400 — Val Acc: 62.56%
Epoch 169/400 — Val Acc: 61.86%
Epoch 170/400 — Val Acc: 62.40%
[Timer] Elapsed time after 170 epochs: 8210.53 seconds
Epoch 171/400 — Val Acc: 61.88%
Epoch 172/400 — Val Acc: 59.24%
Epoch 173/400 — Val Acc: 61.88%
Epoch 174/400 — Val Acc: 60.95%
Epoch 175/400 — Val Acc: 60.49%
Epoch 176/400 — Val Acc: 63.29%
  New best: 63.29%
Epoch 177/400 — Val Acc: 63.11%
Epoch 178/400 — Val Acc: 61.16%
Epoch 179/400 — Val Acc: 62.15%
Epoch 180/400 — Val Acc: 63.69%
  New best: 63.69%
[Timer] Elapsed time after 180 epochs: 8696.72 seconds
Epoch 181/400 — Val Acc: 63.11%
Epoch 182/400 — Val Acc: 61.80%
Epoch 183/400 — Val Acc: 63.17%
Epoch 184/400 — Val Acc: 61.86%
Epoch 185/400 — Val Acc: 60.21%
Epoch 186/400 — Val Acc: 62.61%
Epoch 187/400 — Val Acc: 62.73%
Epoch 188/400 — Val Acc: 61.41%
Epoch 189/400 — Val Acc: 63.11%
Epoch 190/400 — Val Acc: 62.73%
[Timer] Elapsed time after 190 epochs: 9184.97 seconds
Epoch 191/400 — Val Acc: 62.69%
Epoch 192/400 — Val Acc: 63.35%
Epoch 193/400 — Val Acc: 63.83%
  New best: 63.83%
Epoch 194/400 — Val Acc: 62.20%
Epoch 195/400 — Val Acc: 61.91%
Epoch 196/400 — Val Acc: 63.04%
Epoch 197/400 — Val Acc: 62.50%
Epoch 198/400 — Val Acc: 62.77%
Epoch 199/400 — Val Acc: 64.17%
  New best: 64.17%
Epoch 200/400 — Val Acc: 63.55%
[Timer] Elapsed time after 200 epochs: 9666.81 seconds
Epoch 201/400 — Val Acc: 64.49%
  New best: 64.49%
Epoch 202/400 — Val Acc: 61.69%
Epoch 203/400 — Val Acc: 64.54%
  New best: 64.54%
Epoch 204/400 — Val Acc: 63.80%
Epoch 205/400 — Val Acc: 62.20%
Epoch 206/400 — Val Acc: 63.04%
Epoch 207/400 — Val Acc: 63.95%
Epoch 208/400 — Val Acc: 61.69%
Epoch 209/400 — Val Acc: 62.94%
Epoch 210/400 — Val Acc: 63.89%
[Timer] Elapsed time after 210 epochs: 10146.52 seconds
Epoch 211/400 — Val Acc: 63.58%
Epoch 212/400 — Val Acc: 63.09%
Epoch 213/400 — Val Acc: 63.96%
Epoch 214/400 — Val Acc: 64.19%
Epoch 215/400 — Val Acc: 64.16%
Epoch 216/400 — Val Acc: 64.95%
  New best: 64.95%
Epoch 217/400 — Val Acc: 63.44%
Epoch 218/400 — Val Acc: 62.25%
Epoch 219/400 — Val Acc: 63.27%
Epoch 220/400 — Val Acc: 64.64%
[Timer] Elapsed time after 220 epochs: 10619.75 seconds
Epoch 221/400 — Val Acc: 64.46%
Epoch 222/400 — Val Acc: 62.85%
Epoch 223/400 — Val Acc: 64.74%
Epoch 224/400 — Val Acc: 64.50%
Epoch 225/400 — Val Acc: 65.34%
  New best: 65.34%
Epoch 226/400 — Val Acc: 64.79%
Epoch 227/400 — Val Acc: 64.50%
Epoch 228/400 — Val Acc: 64.47%
Epoch 229/400 — Val Acc: 63.67%
Epoch 230/400 — Val Acc: 64.76%
[Timer] Elapsed time after 230 epochs: 11097.07 seconds
Epoch 231/400 — Val Acc: 65.00%
Epoch 232/400 — Val Acc: 63.27%
Epoch 233/400 — Val Acc: 64.64%
Epoch 234/400 — Val Acc: 64.29%
Epoch 235/400 — Val Acc: 63.25%
Epoch 236/400 — Val Acc: 64.08%
Epoch 237/400 — Val Acc: 63.56%
Epoch 238/400 — Val Acc: 65.10%
Epoch 239/400 — Val Acc: 63.14%
Epoch 240/400 — Val Acc: 64.66%
[Timer] Elapsed time after 240 epochs: 11574.02 seconds
Epoch 241/400 — Val Acc: 66.29%
  New best: 66.29%
Epoch 242/400 — Val Acc: 65.06%
Epoch 243/400 — Val Acc: 64.20%
Epoch 244/400 — Val Acc: 65.67%
Epoch 245/400 — Val Acc: 64.31%
Epoch 246/400 — Val Acc: 65.62%
Epoch 247/400 — Val Acc: 65.51%
Epoch 248/400 — Val Acc: 64.34%
Epoch 249/400 — Val Acc: 65.51%
Epoch 250/400 — Val Acc: 67.04%
  New best: 67.04%
[Timer] Elapsed time after 250 epochs: 12047.45 seconds
Epoch 251/400 — Val Acc: 63.79%
Epoch 252/400 — Val Acc: 65.03%
Epoch 253/400 — Val Acc: 65.96%
Epoch 254/400 — Val Acc: 65.56%
Epoch 255/400 — Val Acc: 64.99%
Epoch 256/400 — Val Acc: 65.24%
Epoch 257/400 — Val Acc: 66.04%
Epoch 258/400 — Val Acc: 66.66%
Epoch 259/400 — Val Acc: 66.74%
Epoch 260/400 — Val Acc: 64.66%
[Timer] Elapsed time after 260 epochs: 12526.78 seconds
Epoch 261/400 — Val Acc: 66.05%
Epoch 262/400 — Val Acc: 66.12%
Epoch 263/400 — Val Acc: 65.14%
Epoch 264/400 — Val Acc: 66.34%
Epoch 265/400 — Val Acc: 67.03%
Epoch 266/400 — Val Acc: 66.49%
Epoch 267/400 — Val Acc: 65.70%
Epoch 268/400 — Val Acc: 66.05%
Epoch 269/400 — Val Acc: 64.95%
Epoch 270/400 — Val Acc: 67.16%
  New best: 67.16%
[Timer] Elapsed time after 270 epochs: 13003.71 seconds
Epoch 271/400 — Val Acc: 66.19%
Epoch 272/400 — Val Acc: 64.84%
Epoch 273/400 — Val Acc: 67.20%
  New best: 67.20%
Epoch 274/400 — Val Acc: 66.39%
Epoch 275/400 — Val Acc: 67.81%
  New best: 67.81%
Epoch 276/400 — Val Acc: 67.17%
Epoch 277/400 — Val Acc: 67.40%
Epoch 278/400 — Val Acc: 64.97%
Epoch 279/400 — Val Acc: 67.41%
Epoch 280/400 — Val Acc: 66.91%
[Timer] Elapsed time after 280 epochs: 13482.26 seconds
Epoch 281/400 — Val Acc: 65.71%
Epoch 282/400 — Val Acc: 67.45%
Epoch 283/400 — Val Acc: 67.11%
Epoch 284/400 — Val Acc: 67.30%
Epoch 285/400 — Val Acc: 66.97%
Epoch 286/400 — Val Acc: 66.80%
Epoch 287/400 — Val Acc: 66.29%
Epoch 288/400 — Val Acc: 68.24%
  New best: 68.24%
Epoch 289/400 — Val Acc: 68.39%
  New best: 68.39%
Epoch 290/400 — Val Acc: 66.25%
[Timer] Elapsed time after 290 epochs: 13959.28 seconds
Epoch 291/400 — Val Acc: 66.66%
Epoch 292/400 — Val Acc: 67.60%
Epoch 293/400 — Val Acc: 67.49%
Epoch 294/400 — Val Acc: 67.39%
Epoch 295/400 — Val Acc: 67.62%
Epoch 296/400 — Val Acc: 67.44%
Epoch 297/400 — Val Acc: 67.85%
Epoch 298/400 — Val Acc: 66.84%
